Determining if the pthread_create exist failed with the following output:
Change Dir: /home/tahlia/cw2_test/build/CMakeFiles/CMakeTmp

Run Build Command:"/usr/bin/make" "cmTC_68e03/fast"
/usr/bin/make -f CMakeFiles/cmTC_68e03.dir/build.make CMakeFiles/cmTC_68e03.dir/build
make[1]: Entering directory '/home/tahlia/cw2_test/build/CMakeFiles/CMakeTmp'
Building C object CMakeFiles/cmTC_68e03.dir/CheckSymbolExists.c.o
/usr/bin/cc     -o CMakeFiles/cmTC_68e03.dir/CheckSymbolExists.c.o   -c /home/tahlia/cw2_test/build/CMakeFiles/CMakeTmp/CheckSymbolExists.c
Linking C executable cmTC_68e03
/usr/bin/cmake -E cmake_link_script CMakeFiles/cmTC_68e03.dir/link.txt --verbose=1
/usr/bin/cc       CMakeFiles/cmTC_68e03.dir/CheckSymbolExists.c.o  -o cmTC_68e03 -rdynamic 
CMakeFiles/cmTC_68e03.dir/CheckSymbolExists.c.o: In function `main':
CheckSymbolExists.c:(.text+0x16): undefined reference to `pthread_create'
collect2: error: ld returned 1 exit status
CMakeFiles/cmTC_68e03.dir/build.make:97: recipe for target 'cmTC_68e03' failed
make[1]: *** [cmTC_68e03] Error 1
make[1]: Leaving directory '/home/tahlia/cw2_test/build/CMakeFiles/CMakeTmp'
Makefile:126: recipe for target 'cmTC_68e03/fast' failed
make: *** [cmTC_68e03/fast] Error 2

File /home/tahlia/cw2_test/build/CMakeFiles/CMakeTmp/CheckSymbolExists.c:
/* */
#include <pthread.h>

int main(int argc, char** argv)
{
  (void)argv;
#ifndef pthread_create
  return ((int*)(&pthread_create))[argc];
#else
  (void)argc;
  return 0;
#endif
}

Determining if the function pthread_create exists in the pthreads failed with the following output:
Change Dir: /home/tahlia/cw2_test/build/CMakeFiles/CMakeTmp

Run Build Command:"/usr/bin/make" "cmTC_aebd9/fast"
/usr/bin/make -f CMakeFiles/cmTC_aebd9.dir/build.make CMakeFiles/cmTC_aebd9.dir/build
make[1]: Entering directory '/home/tahlia/cw2_test/build/CMakeFiles/CMakeTmp'
Building C object CMakeFiles/cmTC_aebd9.dir/CheckFunctionExists.c.o
/usr/bin/cc    -DCHECK_FUNCTION_EXISTS=pthread_create   -o CMakeFiles/cmTC_aebd9.dir/CheckFunctionExists.c.o   -c /usr/share/cmake-3.5/Modules/CheckFunctionExists.c
Linking C executable cmTC_aebd9
/usr/bin/cmake -E cmake_link_script CMakeFiles/cmTC_aebd9.dir/link.txt --verbose=1
/usr/bin/cc   -DCHECK_FUNCTION_EXISTS=pthread_create    CMakeFiles/cmTC_aebd9.dir/CheckFunctionExists.c.o  -o cmTC_aebd9 -rdynamic -lpthreads 
/usr/bin/ld: cannot find -lpthreads
collect2: error: ld returned 1 exit status
CMakeFiles/cmTC_aebd9.dir/build.make:97: recipe for target 'cmTC_aebd9' failed
make[1]: *** [cmTC_aebd9] Error 1
make[1]: Leaving directory '/home/tahlia/cw2_test/build/CMakeFiles/CMakeTmp'
Makefile:126: recipe for target 'cmTC_aebd9/fast' failed
make: *** [cmTC_aebd9/fast] Error 2


Determining if the Q_WS_WIN exist failed with the following output:
Change Dir: /home/tahlia/cw2_test/build/CMakeFiles/CMakeTmp

Run Build Command:"/usr/bin/make" "cmTC_1684e/fast"
/usr/bin/make -f CMakeFiles/cmTC_1684e.dir/build.make CMakeFiles/cmTC_1684e.dir/build
make[1]: Entering directory '/home/tahlia/cw2_test/build/CMakeFiles/CMakeTmp'
Building CXX object CMakeFiles/cmTC_1684e.dir/CheckSymbolExists.cxx.o
/usr/bin/c++    -I/usr/include/qt4   -o CMakeFiles/cmTC_1684e.dir/CheckSymbolExists.cxx.o -c /home/tahlia/cw2_test/build/CMakeFiles/CMakeTmp/CheckSymbolExists.cxx
/home/tahlia/cw2_test/build/CMakeFiles/CMakeTmp/CheckSymbolExists.cxx: In function ‘int main(int, char**)’:
/home/tahlia/cw2_test/build/CMakeFiles/CMakeTmp/CheckSymbolExists.cxx:8:19: error: ‘Q_WS_WIN’ was not declared in this scope
   return ((int*)(&Q_WS_WIN))[argc];
                   ^
CMakeFiles/cmTC_1684e.dir/build.make:65: recipe for target 'CMakeFiles/cmTC_1684e.dir/CheckSymbolExists.cxx.o' failed
make[1]: *** [CMakeFiles/cmTC_1684e.dir/CheckSymbolExists.cxx.o] Error 1
make[1]: Leaving directory '/home/tahlia/cw2_test/build/CMakeFiles/CMakeTmp'
Makefile:126: recipe for target 'cmTC_1684e/fast' failed
make: *** [cmTC_1684e/fast] Error 2

File /home/tahlia/cw2_test/build/CMakeFiles/CMakeTmp/CheckSymbolExists.cxx:
/* */
#include <QtCore/qglobal.h>

int main(int argc, char** argv)
{
  (void)argv;
#ifndef Q_WS_WIN
  return ((int*)(&Q_WS_WIN))[argc];
#else
  (void)argc;
  return 0;
#endif
}

Determining if the Q_WS_QWS exist failed with the following output:
Change Dir: /home/tahlia/cw2_test/build/CMakeFiles/CMakeTmp

Run Build Command:"/usr/bin/make" "cmTC_67fe1/fast"
/usr/bin/make -f CMakeFiles/cmTC_67fe1.dir/build.make CMakeFiles/cmTC_67fe1.dir/build
make[1]: Entering directory '/home/tahlia/cw2_test/build/CMakeFiles/CMakeTmp'
Building CXX object CMakeFiles/cmTC_67fe1.dir/CheckSymbolExists.cxx.o
/usr/bin/c++    -I/usr/include/qt4   -o CMakeFiles/cmTC_67fe1.dir/CheckSymbolExists.cxx.o -c /home/tahlia/cw2_test/build/CMakeFiles/CMakeTmp/CheckSymbolExists.cxx
/home/tahlia/cw2_test/build/CMakeFiles/CMakeTmp/CheckSymbolExists.cxx: In function ‘int main(int, char**)’:
/home/tahlia/cw2_test/build/CMakeFiles/CMakeTmp/CheckSymbolExists.cxx:8:19: error: ‘Q_WS_QWS’ was not declared in this scope
   return ((int*)(&Q_WS_QWS))[argc];
                   ^
CMakeFiles/cmTC_67fe1.dir/build.make:65: recipe for target 'CMakeFiles/cmTC_67fe1.dir/CheckSymbolExists.cxx.o' failed
make[1]: *** [CMakeFiles/cmTC_67fe1.dir/CheckSymbolExists.cxx.o] Error 1
make[1]: Leaving directory '/home/tahlia/cw2_test/build/CMakeFiles/CMakeTmp'
Makefile:126: recipe for target 'cmTC_67fe1/fast' failed
make: *** [cmTC_67fe1/fast] Error 2

File /home/tahlia/cw2_test/build/CMakeFiles/CMakeTmp/CheckSymbolExists.cxx:
/* */
#include <QtCore/qglobal.h>

int main(int argc, char** argv)
{
  (void)argv;
#ifndef Q_WS_QWS
  return ((int*)(&Q_WS_QWS))[argc];
#else
  (void)argc;
  return 0;
#endif
}

Determining if the Q_WS_MAC exist failed with the following output:
Change Dir: /home/tahlia/cw2_test/build/CMakeFiles/CMakeTmp

Run Build Command:"/usr/bin/make" "cmTC_12153/fast"
/usr/bin/make -f CMakeFiles/cmTC_12153.dir/build.make CMakeFiles/cmTC_12153.dir/build
make[1]: Entering directory '/home/tahlia/cw2_test/build/CMakeFiles/CMakeTmp'
Building CXX object CMakeFiles/cmTC_12153.dir/CheckSymbolExists.cxx.o
/usr/bin/c++    -I/usr/include/qt4   -o CMakeFiles/cmTC_12153.dir/CheckSymbolExists.cxx.o -c /home/tahlia/cw2_test/build/CMakeFiles/CMakeTmp/CheckSymbolExists.cxx
/home/tahlia/cw2_test/build/CMakeFiles/CMakeTmp/CheckSymbolExists.cxx: In function ‘int main(int, char**)’:
/home/tahlia/cw2_test/build/CMakeFiles/CMakeTmp/CheckSymbolExists.cxx:8:19: error: ‘Q_WS_MAC’ was not declared in this scope
   return ((int*)(&Q_WS_MAC))[argc];
                   ^
CMakeFiles/cmTC_12153.dir/build.make:65: recipe for target 'CMakeFiles/cmTC_12153.dir/CheckSymbolExists.cxx.o' failed
make[1]: *** [CMakeFiles/cmTC_12153.dir/CheckSymbolExists.cxx.o] Error 1
make[1]: Leaving directory '/home/tahlia/cw2_test/build/CMakeFiles/CMakeTmp'
Makefile:126: recipe for target 'cmTC_12153/fast' failed
make: *** [cmTC_12153/fast] Error 2

File /home/tahlia/cw2_test/build/CMakeFiles/CMakeTmp/CheckSymbolExists.cxx:
/* */
#include <QtCore/qglobal.h>

int main(int argc, char** argv)
{
  (void)argv;
#ifndef Q_WS_MAC
  return ((int*)(&Q_WS_MAC))[argc];
#else
  (void)argc;
  return 0;
#endif
}

